2024-12-09 11:15:43.676  INFO 13100 --- [           main] com.biel.qmsgather.QmsGatherApplication  : Starting QmsGatherApplication using Java 1.8.0_371 on 192.168.5.231 with PID 13100 (/Users/work/zsz/QmsGather/QmsGather/target/classes started by dafenqi in /Users/work/zsz/QmsGather/QmsGather)
2024-12-09 11:15:43.678  INFO 13100 --- [           main] com.biel.qmsgather.QmsGatherApplication  : No active profile set, falling back to 1 default profile: "default"
2024-12-09 11:15:45.176  INFO 13100 --- [           main] o.s.b.w.embedded.tomcat.TomcatWebServer  : Tomcat initialized with port(s): 1234 (http)
2024-12-09 11:15:45.182  INFO 13100 --- [           main] o.a.coyote.http11.Http11NioProtocol      : Initializing ProtocolHandler ["http-nio-1234"]
2024-12-09 11:15:45.184  INFO 13100 --- [           main] o.apache.catalina.core.StandardService   : Starting service [Tomcat]
2024-12-09 11:15:45.184  INFO 13100 --- [           main] org.apache.catalina.core.StandardEngine  : Starting Servlet engine: [Apache Tomcat/9.0.68]
2024-12-09 11:15:45.319  INFO 13100 --- [           main] o.a.c.c.C.[Tomcat].[localhost].[/]       : Initializing Spring embedded WebApplicationContext
2024-12-09 11:15:45.319  INFO 13100 --- [           main] w.s.c.ServletWebServerApplicationContext : Root WebApplicationContext: initialization completed in 1589 ms
2024-12-09 11:15:46.468  INFO 13100 --- [           main] pertySourcedRequestMappingHandlerMapping : Mapped URL path [/v2/api-docs] onto method [springfox.documentation.swagger2.web.Swagger2Controller#getDocumentation(String, HttpServletRequest)]
2024-12-09 11:15:46.755  INFO 13100 --- [           main] o.a.coyote.http11.Http11NioProtocol      : Starting ProtocolHandler ["http-nio-1234"]
2024-12-09 11:15:46.777  INFO 13100 --- [           main] o.s.b.w.embedded.tomcat.TomcatWebServer  : Tomcat started on port(s): 1234 (http) with context path ''
2024-12-09 11:15:46.778  INFO 13100 --- [           main] d.s.w.p.DocumentationPluginsBootstrapper : Context refreshed
2024-12-09 11:15:46.790  INFO 13100 --- [           main] d.s.w.p.DocumentationPluginsBootstrapper : Found 1 custom documentation plugin(s)
2024-12-09 11:15:46.793  WARN 13100 --- [           main] ConfigServletWebServerApplicationContext : Exception encountered during context initialization - cancelling refresh attempt: org.springframework.context.ApplicationContextException: Failed to start bean 'documentationPluginsBootstrapper'; nested exception is java.lang.NullPointerException
2024-12-09 11:15:46.806  INFO 13100 --- [           main] o.a.coyote.http11.Http11NioProtocol      : Pausing ProtocolHandler ["http-nio-1234"]
2024-12-09 11:15:46.806  INFO 13100 --- [           main] o.apache.catalina.core.StandardService   : Stopping service [Tomcat]
2024-12-09 11:15:46.809  INFO 13100 --- [           main] o.a.coyote.http11.Http11NioProtocol      : Stopping ProtocolHandler ["http-nio-1234"]
2024-12-09 11:15:46.814  INFO 13100 --- [           main] o.a.coyote.http11.Http11NioProtocol      : Destroying ProtocolHandler ["http-nio-1234"]
2024-12-09 11:15:46.828  INFO 13100 --- [           main] ConditionEvaluationReportLoggingListener : 

Error starting ApplicationContext. To display the conditions report re-run your application with 'debug' enabled.
2024-12-09 11:15:46.844 ERROR 13100 --- [           main] o.s.boot.SpringApplication               : Application run failed

org.springframework.context.ApplicationContextException: Failed to start bean 'documentationPluginsBootstrapper'; nested exception is java.lang.NullPointerException
	at org.springframework.context.support.DefaultLifecycleProcessor.doStart(DefaultLifecycleProcessor.java:181)
	at org.springframework.context.support.DefaultLifecycleProcessor.access$200(DefaultLifecycleProcessor.java:54)
	at org.springframework.context.support.DefaultLifecycleProcessor$LifecycleGroup.start(DefaultLifecycleProcessor.java:356)
	at java.lang.Iterable.forEach(Iterable.java:75)
	at org.springframework.context.support.DefaultLifecycleProcessor.startBeans(DefaultLifecycleProcessor.java:155)
	at org.springframework.context.support.DefaultLifecycleProcessor.onRefresh(DefaultLifecycleProcessor.java:123)
	at org.springframework.context.support.AbstractApplicationContext.finishRefresh(AbstractApplicationContext.java:935)
	at org.springframework.context.support.AbstractApplicationContext.refresh(AbstractApplicationContext.java:586)
	at org.springframework.boot.web.servlet.context.ServletWebServerApplicationContext.refresh(ServletWebServerApplicationContext.java:145)
	at org.springframework.boot.SpringApplication.refresh(SpringApplication.java:745)
	at org.springframework.boot.SpringApplication.refreshContext(SpringApplication.java:420)
	at org.springframework.boot.SpringApplication.run(SpringApplication.java:307)
	at org.springframework.boot.SpringApplication.run(SpringApplication.java:1317)
	at org.springframework.boot.SpringApplication.run(SpringApplication.java:1306)
	at com.biel.qmsgather.QmsGatherApplication.main(QmsGatherApplication.java:12)
Caused by: java.lang.NullPointerException: null
	at springfox.documentation.spi.service.contexts.Orderings$8.compare(Orderings.java:112)
	at springfox.documentation.spi.service.contexts.Orderings$8.compare(Orderings.java:109)
	at com.google.common.collect.ComparatorOrdering.compare(ComparatorOrdering.java:37)
	at java.util.TimSort.countRunAndMakeAscending(TimSort.java:355)
	at java.util.TimSort.sort(TimSort.java:220)
	at java.util.Arrays.sort(Arrays.java:1438)
	at com.google.common.collect.Ordering.sortedCopy(Ordering.java:855)
	at springfox.documentation.spring.web.plugins.WebMvcRequestHandlerProvider.requestHandlers(WebMvcRequestHandlerProvider.java:57)
	at springfox.documentation.spring.web.plugins.DocumentationPluginsBootstrapper$2.apply(DocumentationPluginsBootstrapper.java:138)
	at springfox.documentation.spring.web.plugins.DocumentationPluginsBootstrapper$2.apply(DocumentationPluginsBootstrapper.java:135)
	at com.google.common.collect.Iterators$7.transform(Iterators.java:750)
	at com.google.common.collect.TransformedIterator.next(TransformedIterator.java:47)
	at com.google.common.collect.TransformedIterator.next(TransformedIterator.java:47)
	at com.google.common.collect.MultitransformedIterator.hasNext(MultitransformedIterator.java:52)
	at com.google.common.collect.MultitransformedIterator.hasNext(MultitransformedIterator.java:50)
	at com.google.common.collect.ImmutableList.copyOf(ImmutableList.java:249)
	at com.google.common.collect.ImmutableList.copyOf(ImmutableList.java:209)
	at com.google.common.collect.FluentIterable.toList(FluentIterable.java:614)
	at springfox.documentation.spring.web.plugins.DocumentationPluginsBootstrapper.defaultContextBuilder(DocumentationPluginsBootstrapper.java:111)
	at springfox.documentation.spring.web.plugins.DocumentationPluginsBootstrapper.buildContext(DocumentationPluginsBootstrapper.java:96)
	at springfox.documentation.spring.web.plugins.DocumentationPluginsBootstrapper.start(DocumentationPluginsBootstrapper.java:167)
	at org.springframework.context.support.DefaultLifecycleProcessor.doStart(DefaultLifecycleProcessor.java:178)
	... 14 common frames omitted

2024-12-09 11:17:52.045  INFO 13179 --- [           main] com.biel.qmsgather.QmsGatherApplication  : Starting QmsGatherApplication using Java 1.8.0_371 on 192.168.5.231 with PID 13179 (/Users/work/zsz/QmsGather/QmsGather/target/classes started by dafenqi in /Users/work/zsz/QmsGather/QmsGather)
2024-12-09 11:17:52.048  INFO 13179 --- [           main] com.biel.qmsgather.QmsGatherApplication  : No active profile set, falling back to 1 default profile: "default"
2024-12-09 11:17:53.586  INFO 13179 --- [           main] o.s.b.w.embedded.tomcat.TomcatWebServer  : Tomcat initialized with port(s): 1234 (http)
2024-12-09 11:17:53.593  INFO 13179 --- [           main] o.a.coyote.http11.Http11NioProtocol      : Initializing ProtocolHandler ["http-nio-1234"]
2024-12-09 11:17:53.594  INFO 13179 --- [           main] o.apache.catalina.core.StandardService   : Starting service [Tomcat]
2024-12-09 11:17:53.594  INFO 13179 --- [           main] org.apache.catalina.core.StandardEngine  : Starting Servlet engine: [Apache Tomcat/9.0.68]
2024-12-09 11:17:53.728  INFO 13179 --- [           main] o.a.c.c.C.[Tomcat].[localhost].[/]       : Initializing Spring embedded WebApplicationContext
2024-12-09 11:17:53.728  INFO 13179 --- [           main] w.s.c.ServletWebServerApplicationContext : Root WebApplicationContext: initialization completed in 1632 ms
2024-12-09 11:17:54.911  INFO 13179 --- [           main] pertySourcedRequestMappingHandlerMapping : Mapped URL path [/v2/api-docs] onto method [springfox.documentation.swagger2.web.Swagger2Controller#getDocumentation(String, HttpServletRequest)]
2024-12-09 11:17:55.222  INFO 13179 --- [           main] o.a.coyote.http11.Http11NioProtocol      : Starting ProtocolHandler ["http-nio-1234"]
2024-12-09 11:17:55.245  INFO 13179 --- [           main] o.s.b.w.embedded.tomcat.TomcatWebServer  : Tomcat started on port(s): 1234 (http) with context path ''
2024-12-09 11:17:55.246  INFO 13179 --- [           main] d.s.w.p.DocumentationPluginsBootstrapper : Context refreshed
2024-12-09 11:17:55.256  INFO 13179 --- [           main] d.s.w.p.DocumentationPluginsBootstrapper : Found 1 custom documentation plugin(s)
2024-12-09 11:17:55.261  WARN 13179 --- [           main] ConfigServletWebServerApplicationContext : Exception encountered during context initialization - cancelling refresh attempt: org.springframework.context.ApplicationContextException: Failed to start bean 'documentationPluginsBootstrapper'; nested exception is java.lang.NullPointerException
2024-12-09 11:17:55.277  INFO 13179 --- [           main] o.a.coyote.http11.Http11NioProtocol      : Pausing ProtocolHandler ["http-nio-1234"]
2024-12-09 11:17:55.277  INFO 13179 --- [           main] o.apache.catalina.core.StandardService   : Stopping service [Tomcat]
2024-12-09 11:17:55.280  INFO 13179 --- [           main] o.a.coyote.http11.Http11NioProtocol      : Stopping ProtocolHandler ["http-nio-1234"]
2024-12-09 11:17:55.284  INFO 13179 --- [           main] o.a.coyote.http11.Http11NioProtocol      : Destroying ProtocolHandler ["http-nio-1234"]
2024-12-09 11:17:55.299  INFO 13179 --- [           main] ConditionEvaluationReportLoggingListener : 

Error starting ApplicationContext. To display the conditions report re-run your application with 'debug' enabled.
2024-12-09 11:17:55.317 ERROR 13179 --- [           main] o.s.boot.SpringApplication               : Application run failed

org.springframework.context.ApplicationContextException: Failed to start bean 'documentationPluginsBootstrapper'; nested exception is java.lang.NullPointerException
	at org.springframework.context.support.DefaultLifecycleProcessor.doStart(DefaultLifecycleProcessor.java:181)
	at org.springframework.context.support.DefaultLifecycleProcessor.access$200(DefaultLifecycleProcessor.java:54)
	at org.springframework.context.support.DefaultLifecycleProcessor$LifecycleGroup.start(DefaultLifecycleProcessor.java:356)
	at java.lang.Iterable.forEach(Iterable.java:75)
	at org.springframework.context.support.DefaultLifecycleProcessor.startBeans(DefaultLifecycleProcessor.java:155)
	at org.springframework.context.support.DefaultLifecycleProcessor.onRefresh(DefaultLifecycleProcessor.java:123)
	at org.springframework.context.support.AbstractApplicationContext.finishRefresh(AbstractApplicationContext.java:935)
	at org.springframework.context.support.AbstractApplicationContext.refresh(AbstractApplicationContext.java:586)
	at org.springframework.boot.web.servlet.context.ServletWebServerApplicationContext.refresh(ServletWebServerApplicationContext.java:145)
	at org.springframework.boot.SpringApplication.refresh(SpringApplication.java:745)
	at org.springframework.boot.SpringApplication.refreshContext(SpringApplication.java:420)
	at org.springframework.boot.SpringApplication.run(SpringApplication.java:307)
	at org.springframework.boot.SpringApplication.run(SpringApplication.java:1317)
	at org.springframework.boot.SpringApplication.run(SpringApplication.java:1306)
	at com.biel.qmsgather.QmsGatherApplication.main(QmsGatherApplication.java:12)
Caused by: java.lang.NullPointerException: null
	at springfox.documentation.spi.service.contexts.Orderings$8.compare(Orderings.java:112)
	at springfox.documentation.spi.service.contexts.Orderings$8.compare(Orderings.java:109)
	at com.google.common.collect.ComparatorOrdering.compare(ComparatorOrdering.java:37)
	at java.util.TimSort.countRunAndMakeAscending(TimSort.java:355)
	at java.util.TimSort.sort(TimSort.java:220)
	at java.util.Arrays.sort(Arrays.java:1438)
	at com.google.common.collect.Ordering.sortedCopy(Ordering.java:855)
	at springfox.documentation.spring.web.plugins.WebMvcRequestHandlerProvider.requestHandlers(WebMvcRequestHandlerProvider.java:57)
	at springfox.documentation.spring.web.plugins.DocumentationPluginsBootstrapper$2.apply(DocumentationPluginsBootstrapper.java:138)
	at springfox.documentation.spring.web.plugins.DocumentationPluginsBootstrapper$2.apply(DocumentationPluginsBootstrapper.java:135)
	at com.google.common.collect.Iterators$7.transform(Iterators.java:750)
	at com.google.common.collect.TransformedIterator.next(TransformedIterator.java:47)
	at com.google.common.collect.TransformedIterator.next(TransformedIterator.java:47)
	at com.google.common.collect.MultitransformedIterator.hasNext(MultitransformedIterator.java:52)
	at com.google.common.collect.MultitransformedIterator.hasNext(MultitransformedIterator.java:50)
	at com.google.common.collect.ImmutableList.copyOf(ImmutableList.java:249)
	at com.google.common.collect.ImmutableList.copyOf(ImmutableList.java:209)
	at com.google.common.collect.FluentIterable.toList(FluentIterable.java:614)
	at springfox.documentation.spring.web.plugins.DocumentationPluginsBootstrapper.defaultContextBuilder(DocumentationPluginsBootstrapper.java:111)
	at springfox.documentation.spring.web.plugins.DocumentationPluginsBootstrapper.buildContext(DocumentationPluginsBootstrapper.java:96)
	at springfox.documentation.spring.web.plugins.DocumentationPluginsBootstrapper.start(DocumentationPluginsBootstrapper.java:167)
	at org.springframework.context.support.DefaultLifecycleProcessor.doStart(DefaultLifecycleProcessor.java:178)
	... 14 common frames omitted

2024-12-09 11:20:55.672  INFO 13290 --- [           main] com.biel.qmsgather.QmsGatherApplication  : Starting QmsGatherApplication using Java 1.8.0_371 on 192.168.5.231 with PID 13290 (/Users/work/zsz/QmsGather/QmsGather/target/classes started by dafenqi in /Users/work/zsz/QmsGather/QmsGather)
2024-12-09 11:20:55.674  INFO 13290 --- [           main] com.biel.qmsgather.QmsGatherApplication  : No active profile set, falling back to default profiles: default
2024-12-09 11:20:57.180  INFO 13290 --- [           main] o.s.b.w.embedded.tomcat.TomcatWebServer  : Tomcat initialized with port(s): 1234 (http)
2024-12-09 11:20:57.187  INFO 13290 --- [           main] o.a.coyote.http11.Http11NioProtocol      : Initializing ProtocolHandler ["http-nio-1234"]
2024-12-09 11:20:57.187  INFO 13290 --- [           main] o.apache.catalina.core.StandardService   : Starting service [Tomcat]
2024-12-09 11:20:57.187  INFO 13290 --- [           main] org.apache.catalina.core.StandardEngine  : Starting Servlet engine: [Apache Tomcat/9.0.54]
2024-12-09 11:20:57.256  INFO 13290 --- [           main] o.a.c.c.C.[Tomcat].[localhost].[/]       : Initializing Spring embedded WebApplicationContext
2024-12-09 11:20:57.257  INFO 13290 --- [           main] w.s.c.ServletWebServerApplicationContext : Root WebApplicationContext: initialization completed in 1538 ms
2024-12-09 11:20:58.446  INFO 13290 --- [           main] pertySourcedRequestMappingHandlerMapping : Mapped URL path [/v2/api-docs] onto method [springfox.documentation.swagger2.web.Swagger2Controller#getDocumentation(String, HttpServletRequest)]
2024-12-09 11:20:58.765  INFO 13290 --- [           main] o.a.coyote.http11.Http11NioProtocol      : Starting ProtocolHandler ["http-nio-1234"]
2024-12-09 11:20:58.784  INFO 13290 --- [           main] o.s.b.w.embedded.tomcat.TomcatWebServer  : Tomcat started on port(s): 1234 (http) with context path ''
2024-12-09 11:20:58.785  INFO 13290 --- [           main] d.s.w.p.DocumentationPluginsBootstrapper : Context refreshed
2024-12-09 11:20:58.795  INFO 13290 --- [           main] d.s.w.p.DocumentationPluginsBootstrapper : Found 1 custom documentation plugin(s)
2024-12-09 11:20:58.821  INFO 13290 --- [           main] s.d.s.w.s.ApiListingReferenceScanner     : Scanning for api listing references
2024-12-09 11:20:58.842  INFO 13290 --- [           main] com.biel.qmsgather.QmsGatherApplication  : Started QmsGatherApplication in 3.699 seconds (JVM running for 4.356)
